<?xml version="1.0" encoding="UTF-8"?>
<!-- Generated by org.testng.reporters.JUnitReportReporter -->
<testsuite skipped="0" hostname="QAPPS02" name="com.How_to_run_Multiple_Test_Suite_in_TestNG.Demo_How_to_run_Multiple_Test_in_TestNG" tests="3" failures="0" timestamp="31 Aug 2019 08:56:54 GMT" time="16.829" errors="0">
  <testcase name="Keyboard_Events_keyDown" time="4.030" classname="com.How_to_run_Multiple_Test_Suite_in_TestNG.Demo_How_to_run_Multiple_Test_in_TestNG"/>
  <testcase name="Double_clicks_onElement" time="4.312" classname="com.How_to_run_Multiple_Test_Suite_in_TestNG.Demo_How_to_run_Multiple_Test_in_TestNG"/>
  <testcase name="dragAndDrop" time="8.487" classname="com.How_to_run_Multiple_Test_Suite_in_TestNG.Demo_How_to_run_Multiple_Test_in_TestNG"/>
</testsuite> <!-- com.How_to_run_Multiple_Test_Suite_in_TestNG.Demo_How_to_run_Multiple_Test_in_TestNG -->
